Operation on cuda
Using midjourney DATASET, Classes in dataset: ['ai', 'nature']
Additional tokens : 2
Training...
Loss epoch 0 -> 1.82
Loss epoch 1 -> 0.61
Loss epoch 2 -> 0.32
Loss epoch 3 -> 0.27
end...
Accuracy : 0.852
Classification report:
              precision    recall  f1-score   support

          ia       0.87      0.83      0.85       500
      nature       0.83      0.88      0.86       500

    accuracy                           0.85      1000
   macro avg       0.85      0.85      0.85      1000
weighted avg       0.85      0.85      0.85      1000

-----------------------------------------------------------------------------------------------------------
Additional tokens : 3
Training...
Loss epoch 0 -> 1.87
Loss epoch 1 -> 0.51
Loss epoch 2 -> 0.33
Loss epoch 3 -> 0.26
end...
Accuracy : 0.872
Classification report:
              precision    recall  f1-score   support

          ia       0.91      0.83      0.87       500
      nature       0.84      0.91      0.88       500

    accuracy                           0.87      1000
   macro avg       0.87      0.87      0.87      1000
weighted avg       0.87      0.87      0.87      1000

-----------------------------------------------------------------------------------------------------------
Additional tokens : 4
Training...
Loss epoch 0 -> 1.35
Loss epoch 1 -> 0.81
Loss epoch 2 -> 0.71
Loss epoch 3 -> 0.70
end...
Accuracy : 0.5
Classification report:
              precision    recall  f1-score   support

          ia       0.50      1.00      0.67       500
      nature       1.00      0.00      0.00       500

    accuracy                           0.50      1000
   macro avg       0.75      0.50      0.33      1000
weighted avg       0.75      0.50      0.33      1000

-----------------------------------------------------------------------------------------------------------
Additional tokens : 5
Training...
Loss epoch 0 -> 1.95
Loss epoch 1 -> 0.70
Loss epoch 2 -> 0.45
Loss epoch 3 -> 0.38
end...
Accuracy : 0.815
Classification report:
              precision    recall  f1-score   support

          ia       0.85      0.77      0.81       500
      nature       0.79      0.86      0.82       500

    accuracy                           0.81      1000
   macro avg       0.82      0.81      0.81      1000
weighted avg       0.82      0.81      0.81      1000

-----------------------------------------------------------------------------------------------------------
