Traceback (most recent call last):
  File "/home/users/r/rasolof2/BCs_emmanuelrasolofo/BCs_EmmanuelRasolofo/models.py", line 135, in <module>
    training_testing(configurations.MODEL)
  File "/home/users/r/rasolof2/BCs_emmanuelrasolofo/BCs_EmmanuelRasolofo/models.py", line 52, in training_testing
    dataset_train, dataset_test = TinygenImage(model_i, tf=configurations.tf)
                                  ^^^^^^^^^^^^^^^^^^^^^^^^^^^^^^^^^^^^^^^^^^^
  File "/home/users/r/rasolof2/BCs_emmanuelrasolofo/BCs_EmmanuelRasolofo/utils.py", line 38, in TinygenImage
    return ImageFolder(root=path_final_train, transform=tf), ImageFolder(root=path_final_test, transform=tf)
                                                             ^^^^^^^^^^^^^^^^^^^^^^^^^^^^^^^^^^^^^^^^^^^^^^^
  File "/home/users/r/rasolof2/miniconda3/envs/project/lib/python3.12/site-packages/torchvision/datasets/folder.py", line 328, in __init__
    super().__init__(
  File "/home/users/r/rasolof2/miniconda3/envs/project/lib/python3.12/site-packages/torchvision/datasets/folder.py", line 149, in __init__
    classes, class_to_idx = self.find_classes(self.root)
                            ^^^^^^^^^^^^^^^^^^^^^^^^^^^^
  File "/home/users/r/rasolof2/miniconda3/envs/project/lib/python3.12/site-packages/torchvision/datasets/folder.py", line 234, in find_classes
    return find_classes(directory)
           ^^^^^^^^^^^^^^^^^^^^^^^
  File "/home/users/r/rasolof2/miniconda3/envs/project/lib/python3.12/site-packages/torchvision/datasets/folder.py", line 41, in find_classes
    classes = sorted(entry.name for entry in os.scandir(directory) if entry.is_dir())
                                             ^^^^^^^^^^^^^^^^^^^^^
FileNotFoundError: [Errno 2] No such file or directory: '/home/users/r/rasolof2/BCs_emmanuelrasolofo/BCs_EmmanuelRasolofo/DATA/tinygenimage_merged/test'
srun: error: gpu001: task 0: Exited with exit code 1
