wandb: Using wandb-core as the SDK backend.  Please refer to https://wandb.me/wandb-core for more information.
wandb: Currently logged in as: manurslf (manurslf301) to https://api.wandb.ai. Use `wandb login --relogin` to force relogin
wandb: Tracking run with wandb version 0.19.8
wandb: Run data is saved locally in /home/users/r/rasolof2/BCs_emmanuelrasolofo/BCs_EmmanuelRasolofo/wandb/run-20250324_105744-80ce508h
wandb: Run `wandb offline` to turn off syncing.
wandb: Syncing run ACC_TOK midjourney dataset 20250324-105743
wandb: â­ï¸ View project at https://wandb.ai/manurslf301/Encoder-DecoderProject
wandb: ðŸš€ View run at https://wandb.ai/manurslf301/Encoder-DecoderProject/runs/80ce508h
Training date: 20250324-105743
Images are resized 224x224
Additional token added : [0, 10, 30, 60]
Hidden layer LLMA : 3 with size 384
Batch size : 128, LR : 0.0004, epochs : 35
Operation on cuda
Using midjourney DATASET, Classes in dataset: ['ai', 'nature']
Additional tokens : 0
Training...
Loss epoch 0 -> 0.46548
Loss epoch 1 -> 0.16782
Loss epoch 2 -> 0.05556
Loss epoch 3 -> 0.02587
Loss epoch 4 -> 0.02130
