wandb: Using wandb-core as the SDK backend.  Please refer to https://wandb.me/wandb-core for more information.
wandb: Currently logged in as: manurslf (manurslf301) to https://api.wandb.ai. Use `wandb login --relogin` to force relogin
wandb: Tracking run with wandb version 0.19.8
wandb: Run data is saved locally in /home/users/r/rasolof2/BCs_emmanuelrasolofo/BCs_EmmanuelRasolofo/wandb/run-20250503_140133-cbrplvnm
wandb: Run `wandb offline` to turn off syncing.
wandb: Syncing run AT midjourney R224 dataset 20250503-140132
wandb: ⭐️ View project at https://wandb.ai/manurslf301/Encoder-DecoderProject
wandb: 🚀 View run at https://wandb.ai/manurslf301/Encoder-DecoderProject/runs/cbrplvnm
Date d'entraînement: 20250503-140132
Mode: run
....................................................................................................
Configurations:
ADD_TOKENS_LAB: [0, 10, 60, 100, 150]
ADD_TOKENS_LAB_perf: [0, 10, 30, 50]
Adapter: False
Adapter_EXTERN: False
BATCH_SIZE_LAB: 16
DEBUG: False
DECREASING_LR_LAB: True
DINOV2_NAME: facebook/dinov2-small
Dinov2_token_dim: {'facebook/dinov2-base': 768, 'facebook/dinov2-small': 384}
EPOCHS_HSL: [60, 120, 180, 250]
EPOCHS_LAB: 80
HIDDEN_SIZE_LAB: 384
HSL_LAB: [128, 256, 768, 1536]
ITERATION: 1
LR_LAB: 0.0004
MODEL: midjourney
NHL_LAB: [1, 6, 12, 16]
NUM_HIDDEN_LAYER_LLMA_LAB: 8
QUALITY_JPEG_COMPRESSION: [100, 95, 85, 70, 50, 30, 10, 1]
RESIZE_SHAPE: 224
SAVE_IMAGE: False
SHOW_INFO: True
STD_GAUSSIAN_NOISE: [0.01, 0.05, 0.1, 0.3, 0.5, 1]
TSNE_LOG: False
WANDB_LOG: True
add_tokens_lab: 25
----------------------------------------------------------------------------------------------------
[93m 

ENTRAINEMENT: AJOUT DE BRUIT GAUSSIEN

 [0m
Opération sur cuda
Dataset utilisé 'midjourney' - Classes: ['ai', 'nature']
STD -> 0.01
----------------------------------------------------------------------------------------------------
Entraînement avec 25 tokens additionnels
TRAINING...
Epoch 0 - Loss moyenne: 0.46618
Epoch 1 - Loss moyenne: 0.19949
Epoch 2 - Loss moyenne: 0.09934
Epoch 3 - Loss moyenne: 0.07106
Epoch 4 - Loss moyenne: 0.03930
Epoch 5 - Loss moyenne: 0.03643
Epoch 6 - Loss moyenne: 0.03460
Epoch 7 - Loss moyenne: 0.03940
Epoch 8 - Loss moyenne: 0.03491
Epoch 9 - Loss moyenne: 0.01920
Epoch 10 - Loss moyenne: 0.00881
Epoch 11 - Loss moyenne: 0.00658
Epoch 12 - Loss moyenne: 0.01922
Epoch 13 - Loss moyenne: 0.01388
Epoch 14 - Loss moyenne: 0.01935
Epoch 15 - Loss moyenne: 0.02314
Epoch 16 - Loss moyenne: 0.01652
Epoch 17 - Loss moyenne: 0.01167
Epoch 18 - Loss moyenne: 0.01292
Epoch 19 - Loss moyenne: 0.00413
Epoch 20 - Loss moyenne: 0.00563
Epoch 21 - Loss moyenne: 0.00017
Epoch 22 - Loss moyenne: 0.00001
Epoch 23 - Loss moyenne: 0.00001
Epoch 24 - Loss moyenne: 0.00001
wandb: WARNING Fatal error while uploading data. Some run data will not be synced, but it will still be written to disk. Use `wandb sync` at the end of the run to try uploading.
Epoch 25 - Loss moyenne: 0.00000
srun: Job step aborted: Waiting up to 92 seconds for job step to finish.
slurmstepd: error: *** JOB 314400 ON gpu003 CANCELLED AT 2025-05-03T14:26:18 ***
slurmstepd: error: *** STEP 314400.0 ON gpu003 CANCELLED AT 2025-05-03T14:26:18 ***
