wandb: Using wandb-core as the SDK backend.  Please refer to https://wandb.me/wandb-core for more information.
wandb: Currently logged in as: manurslf (manurslf301) to https://api.wandb.ai. Use `wandb login --relogin` to force relogin
wandb: Tracking run with wandb version 0.19.8
wandb: Run data is saved locally in /home/users/r/rasolof2/BCs_emmanuelrasolofo/BCs_EmmanuelRasolofo/wandb/run-20250319_093056-jv3e8bp1
wandb: Run `wandb offline` to turn off syncing.
wandb: Syncing run DS midjourney dataset - AT 0 (20250319-093055)
wandb: â­ï¸ View project at https://wandb.ai/manurslf301/Encoder-DecoderProject
wandb: ðŸš€ View run at https://wandb.ai/manurslf301/Encoder-DecoderProject/runs/jv3e8bp1
Operation on cuda
Using midjourney DATASET, Classes in dataset: ['ai', 'nature']
Additional tokens : 0
Training...
Loss epoch 0 -> 0.46742
Loss epoch 1 -> 0.11793
Loss epoch 2 -> 0.03067
Loss epoch 3 -> 0.00628
wandb:                                                                                
wandb: 
wandb: Run history:
wandb: Test/Accuracy â–â–†â–‡â–ˆâ–ˆ
wandb:    Train/Loss â–ˆâ–ƒâ–â–â–
wandb:         epoch â–â–ƒâ–…â–†â–ˆ
wandb: 
wandb: Run summary:
wandb: Test/Accuracy 0.875
wandb:    Train/Loss 0.00214
wandb:         epoch 4
wandb: 
wandb: ðŸš€ View run DS midjourney dataset - AT 0 (20250319-093055) at: https://wandb.ai/manurslf301/Encoder-DecoderProject/runs/jv3e8bp1
wandb: â­ï¸ View project at: https://wandb.ai/manurslf301/Encoder-DecoderProject
wandb: Synced 5 W&B file(s), 0 media file(s), 0 artifact file(s) and 0 other file(s)
wandb: Find logs at: ./wandb/run-20250319_093056-jv3e8bp1/logs
wandb: Tracking run with wandb version 0.19.8
wandb: Run data is saved locally in /home/users/r/rasolof2/BCs_emmanuelrasolofo/BCs_EmmanuelRasolofo/wandb/run-20250319_093644-q8ams9yh
wandb: Run `wandb offline` to turn off syncing.
wandb: Syncing run DS midjourney dataset - AT 1 (20250319-093055)
wandb: â­ï¸ View project at https://wandb.ai/manurslf301/Encoder-DecoderProject
wandb: ðŸš€ View run at https://wandb.ai/manurslf301/Encoder-DecoderProject/runs/q8ams9yh
Loss epoch 4 -> 0.00214
end...
Accuracy : 0.875
Classification report:
              precision    recall  f1-score   support

          ia       0.87      0.89      0.88       500
      nature       0.88      0.86      0.87       500

    accuracy                           0.88      1000
   macro avg       0.88      0.88      0.87      1000
weighted avg       0.88      0.88      0.87      1000

-----------------------------------------------------------------------------------------------------------
Additional tokens : 1
Training...
srun: Job step aborted: Waiting up to 92 seconds for job step to finish.
slurmstepd: error: *** JOB 292697 ON gpu002 CANCELLED AT 2025-03-19T09:37:33 ***
slurmstepd: error: *** STEP 292697.0 ON gpu002 CANCELLED AT 2025-03-19T09:37:33 ***
