wandb: Using wandb-core as the SDK backend.  Please refer to https://wandb.me/wandb-core for more information.
wandb: Currently logged in as: manurslf (manurslf301) to https://api.wandb.ai. Use `wandb login --relogin` to force relogin
wandb: Tracking run with wandb version 0.19.8
wandb: Run data is saved locally in /home/users/r/rasolof2/BCs_emmanuelrasolofo/BCs_EmmanuelRasolofo/wandb/run-20250328_121252-0teshayi
wandb: Run `wandb offline` to turn off syncing.
wandb: Syncing run ACC_TOK biggan dataset 20250328-121251
wandb: ⭐️ View project at https://wandb.ai/manurslf301/Encoder-DecoderProject
wandb: 🚀 View run at https://wandb.ai/manurslf301/Encoder-DecoderProject/runs/0teshayi
Date d'entraînement: 20250328-121251
Mode: run
Images redimensionnées en 56x56
Tokens additionnels (lab): [0, 10, 30, 50, 75, 100]
LLMA (lab): 1 couches, taille 768
Batch size (lab): 128, LR (lab): 0.0004, Époques (lab): 25
Opération sur cuda
Dataset utilisé 'biggan' - Classes: ['ai', 'nature']
Entraînement avec 0 tokens additionnels
TRAINING...
Epoch 0 - Loss moyenne: 0.68905
Epoch 1 - Loss moyenne: 0.21858
Epoch 2 - Loss moyenne: 0.06534
Epoch 3 - Loss moyenne: 0.02220
Epoch 4 - Loss moyenne: 0.00695
Epoch 5 - Loss moyenne: 0.00535
Epoch 6 - Loss moyenne: 0.00824
Epoch 7 - Loss moyenne: 0.00768
Epoch 8 - Loss moyenne: 0.00802
Epoch 9 - Loss moyenne: 0.00264
Epoch 10 - Loss moyenne: 0.00455
Epoch 11 - Loss moyenne: 0.00055
Epoch 12 - Loss moyenne: 0.00026
Epoch 13 - Loss moyenne: 0.00021
Epoch 14 - Loss moyenne: 0.00018
Epoch 15 - Loss moyenne: 0.00017
Epoch 16 - Loss moyenne: 0.00016
Epoch 17 - Loss moyenne: 0.00016
Epoch 18 - Loss moyenne: 0.00015
Epoch 19 - Loss moyenne: 0.00015
Epoch 20 - Loss moyenne: 0.00014
Epoch 21 - Loss moyenne: 0.00014
Epoch 22 - Loss moyenne: 0.00014
Epoch 23 - Loss moyenne: 0.00014
Epoch 24 - Loss moyenne: 0.00014
Entraînement terminé.
Accuracy : 0.711
Rapport de classification :
              precision    recall  f1-score   support

          ia       0.71      0.72      0.71       500
      nature       0.71      0.70      0.71       500

    accuracy                           0.71      1000
   macro avg       0.71      0.71      0.71      1000
weighted avg       0.71      0.71      0.71      1000

----------------------------------------------------------------------------------------------------
Entraînement avec 10 tokens additionnels
TRAINING...
Epoch 0 - Loss moyenne: 1.34170
Epoch 1 - Loss moyenne: 0.68661
Epoch 2 - Loss moyenne: 0.60326
Epoch 3 - Loss moyenne: 0.47631
Epoch 4 - Loss moyenne: 0.32787
Epoch 5 - Loss moyenne: 0.15569
Epoch 6 - Loss moyenne: 0.09083
Epoch 7 - Loss moyenne: 0.04264
Epoch 8 - Loss moyenne: 0.03725
Epoch 9 - Loss moyenne: 0.01711
Epoch 10 - Loss moyenne: 0.01052
Epoch 11 - Loss moyenne: 0.01279
Epoch 12 - Loss moyenne: 0.01255
Epoch 13 - Loss moyenne: 0.00382
Epoch 14 - Loss moyenne: 0.00048
Epoch 15 - Loss moyenne: 0.00015
Epoch 16 - Loss moyenne: 0.00011
Epoch 17 - Loss moyenne: 0.00009
Epoch 18 - Loss moyenne: 0.00009
Epoch 19 - Loss moyenne: 0.00008
Epoch 20 - Loss moyenne: 0.00008
Epoch 21 - Loss moyenne: 0.00007
Epoch 22 - Loss moyenne: 0.00007
Epoch 23 - Loss moyenne: 0.00007
Epoch 24 - Loss moyenne: 0.00007
Entraînement terminé.
Accuracy : 0.73
Rapport de classification :
              precision    recall  f1-score   support

          ia       0.73      0.73      0.73       500
      nature       0.73      0.73      0.73       500

    accuracy                           0.73      1000
   macro avg       0.73      0.73      0.73      1000
weighted avg       0.73      0.73      0.73      1000

----------------------------------------------------------------------------------------------------
Entraînement avec 30 tokens additionnels
TRAINING...
Epoch 0 - Loss moyenne: 1.05758
Epoch 1 - Loss moyenne: 0.60469
Epoch 2 - Loss moyenne: 0.49261
Epoch 3 - Loss moyenne: 0.34251
Epoch 4 - Loss moyenne: 0.22753
Epoch 5 - Loss moyenne: 0.09911
Epoch 6 - Loss moyenne: 0.04855
Epoch 7 - Loss moyenne: 0.03507
Epoch 8 - Loss moyenne: 0.02038
Epoch 9 - Loss moyenne: 0.01107
Epoch 10 - Loss moyenne: 0.01409
Epoch 11 - Loss moyenne: 0.03062
Epoch 12 - Loss moyenne: 0.01285
Epoch 13 - Loss moyenne: 0.00301
Epoch 14 - Loss moyenne: 0.00056
Epoch 15 - Loss moyenne: 0.00020
Epoch 16 - Loss moyenne: 0.00014
Epoch 17 - Loss moyenne: 0.00011
Epoch 18 - Loss moyenne: 0.00010
Epoch 19 - Loss moyenne: 0.00009
Epoch 20 - Loss moyenne: 0.00008
Epoch 21 - Loss moyenne: 0.00008
Epoch 22 - Loss moyenne: 0.00008
Epoch 23 - Loss moyenne: 0.00008
Epoch 24 - Loss moyenne: 0.00008
Entraînement terminé.
Accuracy : 0.726
Rapport de classification :
              precision    recall  f1-score   support

          ia       0.72      0.74      0.73       500
      nature       0.73      0.72      0.72       500

    accuracy                           0.73      1000
   macro avg       0.73      0.73      0.73      1000
weighted avg       0.73      0.73      0.73      1000

----------------------------------------------------------------------------------------------------
Entraînement avec 50 tokens additionnels
TRAINING...
Epoch 0 - Loss moyenne: 1.19746
Epoch 1 - Loss moyenne: 0.64904
Epoch 2 - Loss moyenne: 0.53194
Epoch 3 - Loss moyenne: 0.38121
Epoch 4 - Loss moyenne: 0.21312
Epoch 5 - Loss moyenne: 0.11382
Epoch 6 - Loss moyenne: 0.07636
Epoch 7 - Loss moyenne: 0.03228
Epoch 8 - Loss moyenne: 0.05202
Epoch 9 - Loss moyenne: 0.02637
Epoch 10 - Loss moyenne: 0.01525
Epoch 11 - Loss moyenne: 0.02011
Epoch 12 - Loss moyenne: 0.00525
Epoch 13 - Loss moyenne: 0.00151
Epoch 14 - Loss moyenne: 0.00014
Epoch 15 - Loss moyenne: 0.00005
Epoch 16 - Loss moyenne: 0.00004
Epoch 17 - Loss moyenne: 0.00003
Epoch 18 - Loss moyenne: 0.00003
Epoch 19 - Loss moyenne: 0.00003
Epoch 20 - Loss moyenne: 0.00003
Epoch 21 - Loss moyenne: 0.00003
Epoch 22 - Loss moyenne: 0.00003
Epoch 23 - Loss moyenne: 0.00003
Epoch 24 - Loss moyenne: 0.00003
Entraînement terminé.
Accuracy : 0.732
Rapport de classification :
              precision    recall  f1-score   support

          ia       0.73      0.73      0.73       500
      nature       0.73      0.74      0.73       500

    accuracy                           0.73      1000
   macro avg       0.73      0.73      0.73      1000
weighted avg       0.73      0.73      0.73      1000

----------------------------------------------------------------------------------------------------
Entraînement avec 75 tokens additionnels
TRAINING...
Epoch 0 - Loss moyenne: 1.23657
Epoch 1 - Loss moyenne: 0.68840
Epoch 2 - Loss moyenne: 0.59455
Epoch 3 - Loss moyenne: 0.47616
Epoch 4 - Loss moyenne: 0.34224
Epoch 5 - Loss moyenne: 0.16702
Epoch 6 - Loss moyenne: 0.08633
Epoch 7 - Loss moyenne: 0.05886
Epoch 8 - Loss moyenne: 0.03333
Epoch 9 - Loss moyenne: 0.02970
Epoch 10 - Loss moyenne: 0.01868
Epoch 11 - Loss moyenne: 0.00729
Epoch 12 - Loss moyenne: 0.00499
Epoch 13 - Loss moyenne: 0.00194
Epoch 14 - Loss moyenne: 0.00077
Epoch 15 - Loss moyenne: 0.00018
Epoch 16 - Loss moyenne: 0.00003
Epoch 17 - Loss moyenne: 0.00003
Epoch 18 - Loss moyenne: 0.00003
Epoch 19 - Loss moyenne: 0.00003
Epoch 20 - Loss moyenne: 0.00002
Epoch 21 - Loss moyenne: 0.00002
Epoch 22 - Loss moyenne: 0.00002
Epoch 23 - Loss moyenne: 0.00002
Epoch 24 - Loss moyenne: 0.00002
Entraînement terminé.
Accuracy : 0.736
Rapport de classification :
              precision    recall  f1-score   support

          ia       0.74      0.74      0.74       500
      nature       0.74      0.74      0.74       500

    accuracy                           0.74      1000
   macro avg       0.74      0.74      0.74      1000
weighted avg       0.74      0.74      0.74      1000

----------------------------------------------------------------------------------------------------
Entraînement avec 100 tokens additionnels
TRAINING...
Epoch 0 - Loss moyenne: 1.37070
Epoch 1 - Loss moyenne: 0.70113
Epoch 2 - Loss moyenne: 0.65823
Epoch 3 - Loss moyenne: 0.56273
Epoch 4 - Loss moyenne: 0.45105
Epoch 5 - Loss moyenne: 0.31381
Epoch 6 - Loss moyenne: 0.17439
Epoch 7 - Loss moyenne: 0.07385
Epoch 8 - Loss moyenne: 0.05009
Epoch 9 - Loss moyenne: 0.02394
Epoch 10 - Loss moyenne: 0.02247
Epoch 11 - Loss moyenne: 0.01948
Epoch 12 - Loss moyenne: 0.00446
Epoch 13 - Loss moyenne: 0.00331
Epoch 14 - Loss moyenne: 0.01332
Epoch 15 - Loss moyenne: 0.00654
Epoch 16 - Loss moyenne: 0.00130
Epoch 17 - Loss moyenne: 0.00028
Epoch 18 - Loss moyenne: 0.00017
Epoch 19 - Loss moyenne: 0.00013
Epoch 20 - Loss moyenne: 0.00012
Epoch 21 - Loss moyenne: 0.00011
Epoch 22 - Loss moyenne: 0.00011
Epoch 23 - Loss moyenne: 0.00011
Epoch 24 - Loss moyenne: 0.00011
Entraînement terminé.
Accuracy : 0.753
Rapport de classification :
              precision    recall  f1-score   support

          ia       0.75      0.76      0.76       500
      nature       0.76      0.74      0.75       500

    accuracy                           0.75      1000
   macro avg       0.75      0.75      0.75      1000
weighted avg       0.75      0.75      0.75      1000

----------------------------------------------------------------------------------------------------
Opération sur cuda
Dataset utilisé 'vqdm' - Classes: ['ai', 'nature']
Entraînement avec 0 tokens additionnels
TRAINING...
Epoch 0 - Loss moyenne: 0.62560
Epoch 1 - Loss moyenne: 0.17947
Epoch 2 - Loss moyenne: 0.04005
Epoch 3 - Loss moyenne: 0.01758
Epoch 4 - Loss moyenne: 0.00666
Epoch 5 - Loss moyenne: 0.00289
Epoch 6 - Loss moyenne: 0.00060
Epoch 7 - Loss moyenne: 0.00036
Epoch 8 - Loss moyenne: 0.00028
Epoch 9 - Loss moyenne: 0.00024
Epoch 10 - Loss moyenne: 0.00021
Epoch 11 - Loss moyenne: 0.00018
Epoch 12 - Loss moyenne: 0.00017
Epoch 13 - Loss moyenne: 0.00016
Epoch 14 - Loss moyenne: 0.00015
Epoch 15 - Loss moyenne: 0.00014
Epoch 16 - Loss moyenne: 0.00013
Epoch 17 - Loss moyenne: 0.00013
Epoch 18 - Loss moyenne: 0.00012
Epoch 19 - Loss moyenne: 0.00012
Epoch 20 - Loss moyenne: 0.00012
Epoch 21 - Loss moyenne: 0.00012
Epoch 22 - Loss moyenne: 0.00012
Epoch 23 - Loss moyenne: 0.00012
Epoch 24 - Loss moyenne: 0.00012
Entraînement terminé.
Accuracy : 0.771
Rapport de classification :
              precision    recall  f1-score   support

          ia       0.78      0.76      0.77       500
      nature       0.76      0.78      0.77       500

    accuracy                           0.77      1000
   macro avg       0.77      0.77      0.77      1000
weighted avg       0.77      0.77      0.77      1000

----------------------------------------------------------------------------------------------------
Entraînement avec 10 tokens additionnels
TRAINING...
Epoch 0 - Loss moyenne: 0.99019
Epoch 1 - Loss moyenne: 0.50341
Epoch 2 - Loss moyenne: 0.37446
Epoch 3 - Loss moyenne: 0.22954
Epoch 4 - Loss moyenne: 0.12378
Epoch 5 - Loss moyenne: 0.07964
Epoch 6 - Loss moyenne: 0.04674
Epoch 7 - Loss moyenne: 0.04103
Epoch 8 - Loss moyenne: 0.02880
Epoch 9 - Loss moyenne: 0.01800
Epoch 10 - Loss moyenne: 0.00764
Epoch 11 - Loss moyenne: 0.00295
Epoch 12 - Loss moyenne: 0.01553
Epoch 13 - Loss moyenne: 0.00589
Epoch 14 - Loss moyenne: 0.00170
Epoch 15 - Loss moyenne: 0.00047
Epoch 16 - Loss moyenne: 0.00030
Epoch 17 - Loss moyenne: 0.00007
Epoch 18 - Loss moyenne: 0.00006
Epoch 19 - Loss moyenne: 0.00005
Epoch 20 - Loss moyenne: 0.00005
Epoch 21 - Loss moyenne: 0.00005
Epoch 22 - Loss moyenne: 0.00005
Epoch 23 - Loss moyenne: 0.00005
Epoch 24 - Loss moyenne: 0.00005
Entraînement terminé.
Accuracy : 0.781
Rapport de classification :
              precision    recall  f1-score   support

          ia       0.77      0.79      0.78       500
      nature       0.79      0.77      0.78       500

    accuracy                           0.78      1000
   macro avg       0.78      0.78      0.78      1000
weighted avg       0.78      0.78      0.78      1000

----------------------------------------------------------------------------------------------------
Entraînement avec 30 tokens additionnels
TRAINING...
Epoch 0 - Loss moyenne: 1.09246
Epoch 1 - Loss moyenne: 0.54308
Epoch 2 - Loss moyenne: 0.41355
Epoch 3 - Loss moyenne: 0.27849
Epoch 4 - Loss moyenne: 0.13405
Epoch 5 - Loss moyenne: 0.07713
Epoch 6 - Loss moyenne: 0.06949
Epoch 7 - Loss moyenne: 0.03003
Epoch 8 - Loss moyenne: 0.03812
Epoch 9 - Loss moyenne: 0.02775
Epoch 10 - Loss moyenne: 0.01823
Epoch 11 - Loss moyenne: 0.00547
Epoch 12 - Loss moyenne: 0.00149
Epoch 13 - Loss moyenne: 0.00029
Epoch 14 - Loss moyenne: 0.00008
Epoch 15 - Loss moyenne: 0.00003
Epoch 16 - Loss moyenne: 0.00003
Epoch 17 - Loss moyenne: 0.00002
Epoch 18 - Loss moyenne: 0.00002
Epoch 19 - Loss moyenne: 0.00002
Epoch 20 - Loss moyenne: 0.00002
Epoch 21 - Loss moyenne: 0.00002
Epoch 22 - Loss moyenne: 0.00002
Epoch 23 - Loss moyenne: 0.00002
Epoch 24 - Loss moyenne: 0.00002
Entraînement terminé.
Accuracy : 0.761
Rapport de classification :
              precision    recall  f1-score   support

          ia       0.76      0.76      0.76       500
      nature       0.76      0.76      0.76       500

    accuracy                           0.76      1000
   macro avg       0.76      0.76      0.76      1000
weighted avg       0.76      0.76      0.76      1000

----------------------------------------------------------------------------------------------------
Entraînement avec 50 tokens additionnels
TRAINING...
Epoch 0 - Loss moyenne: 1.17344
Epoch 1 - Loss moyenne: 0.55885
Epoch 2 - Loss moyenne: 0.44614
Epoch 3 - Loss moyenne: 0.33668
Epoch 4 - Loss moyenne: 0.18922
Epoch 5 - Loss moyenne: 0.09886
Epoch 6 - Loss moyenne: 0.06117
Epoch 7 - Loss moyenne: 0.03083
Epoch 8 - Loss moyenne: 0.02635
Epoch 9 - Loss moyenne: 0.03036
Epoch 10 - Loss moyenne: 0.01106
Epoch 11 - Loss moyenne: 0.00375
Epoch 12 - Loss moyenne: 0.00639
Epoch 13 - Loss moyenne: 0.00284
Epoch 14 - Loss moyenne: 0.00399
Epoch 15 - Loss moyenne: 0.00038
Epoch 16 - Loss moyenne: 0.00010
Epoch 17 - Loss moyenne: 0.00007
Epoch 18 - Loss moyenne: 0.00006
Epoch 19 - Loss moyenne: 0.00006
Epoch 20 - Loss moyenne: 0.00005
Epoch 21 - Loss moyenne: 0.00005
Epoch 22 - Loss moyenne: 0.00005
Epoch 23 - Loss moyenne: 0.00005
Epoch 24 - Loss moyenne: 0.00005
Entraînement terminé.
Accuracy : 0.774
Rapport de classification :
              precision    recall  f1-score   support

          ia       0.79      0.75      0.77       500
      nature       0.76      0.80      0.78       500

    accuracy                           0.77      1000
   macro avg       0.77      0.77      0.77      1000
weighted avg       0.77      0.77      0.77      1000

----------------------------------------------------------------------------------------------------
Entraînement avec 75 tokens additionnels
TRAINING...
Epoch 0 - Loss moyenne: 1.22565
Epoch 1 - Loss moyenne: 0.61407
Epoch 2 - Loss moyenne: 0.48507
Epoch 3 - Loss moyenne: 0.39350
Epoch 4 - Loss moyenne: 0.26702
Epoch 5 - Loss moyenne: 0.13998
Epoch 6 - Loss moyenne: 0.09963
Epoch 7 - Loss moyenne: 0.06674
Epoch 8 - Loss moyenne: 0.04986
Epoch 9 - Loss moyenne: 0.02079
Epoch 10 - Loss moyenne: 0.02559
Epoch 11 - Loss moyenne: 0.03392
Epoch 12 - Loss moyenne: 0.00818
Epoch 13 - Loss moyenne: 0.00183
Epoch 14 - Loss moyenne: 0.00039
Epoch 15 - Loss moyenne: 0.00017
Epoch 16 - Loss moyenne: 0.00012
Epoch 17 - Loss moyenne: 0.00010
Epoch 18 - Loss moyenne: 0.00008
Epoch 19 - Loss moyenne: 0.00008
Epoch 20 - Loss moyenne: 0.00007
Epoch 21 - Loss moyenne: 0.00007
Epoch 22 - Loss moyenne: 0.00007
Epoch 23 - Loss moyenne: 0.00006
Epoch 24 - Loss moyenne: 0.00006
Entraînement terminé.
Accuracy : 0.782
Rapport de classification :
              precision    recall  f1-score   support

          ia       0.79      0.76      0.78       500
      nature       0.77      0.80      0.79       500

    accuracy                           0.78      1000
   macro avg       0.78      0.78      0.78      1000
weighted avg       0.78      0.78      0.78      1000

----------------------------------------------------------------------------------------------------
Entraînement avec 100 tokens additionnels
TRAINING...
Epoch 0 - Loss moyenne: 1.03076
Epoch 1 - Loss moyenne: 0.51770
Epoch 2 - Loss moyenne: 0.41796
Epoch 3 - Loss moyenne: 0.28421
Epoch 4 - Loss moyenne: 0.15707
Epoch 5 - Loss moyenne: 0.08590
Epoch 6 - Loss moyenne: 0.05452
Epoch 7 - Loss moyenne: 0.04785
Epoch 8 - Loss moyenne: 0.02445
Epoch 9 - Loss moyenne: 0.01343
Epoch 10 - Loss moyenne: 0.00292
Epoch 11 - Loss moyenne: 0.00124
Epoch 12 - Loss moyenne: 0.00041
Epoch 13 - Loss moyenne: 0.00087
Epoch 14 - Loss moyenne: 0.00552
Epoch 15 - Loss moyenne: 0.02343
Epoch 16 - Loss moyenne: 0.00228
Epoch 17 - Loss moyenne: 0.00041
Epoch 18 - Loss moyenne: 0.00023
Epoch 19 - Loss moyenne: 0.00018
Epoch 20 - Loss moyenne: 0.00015
Epoch 21 - Loss moyenne: 0.00014
Epoch 22 - Loss moyenne: 0.00014
Epoch 23 - Loss moyenne: 0.00013
Epoch 24 - Loss moyenne: 0.00014
Entraînement terminé.
Accuracy : 0.791
Rapport de classification :
              precision    recall  f1-score   support

          ia       0.80      0.77      0.79       500
      nature       0.78      0.81      0.79       500

    accuracy                           0.79      1000
   macro avg       0.79      0.79      0.79      1000
weighted avg       0.79      0.79      0.79      1000

----------------------------------------------------------------------------------------------------
Opération sur cuda
Dataset utilisé 'sdv5' - Classes: ['ai', 'nature']
Entraînement avec 0 tokens additionnels
TRAINING...
Epoch 0 - Loss moyenne: 0.52843
Epoch 1 - Loss moyenne: 0.12400
Epoch 2 - Loss moyenne: 0.02222
Epoch 3 - Loss moyenne: 0.01060
Epoch 4 - Loss moyenne: 0.00323
Epoch 5 - Loss moyenne: 0.00123
Epoch 6 - Loss moyenne: 0.00044
Epoch 7 - Loss moyenne: 0.00026
Epoch 8 - Loss moyenne: 0.00022
Epoch 9 - Loss moyenne: 0.00019
Epoch 10 - Loss moyenne: 0.00017
Epoch 11 - Loss moyenne: 0.00015
Epoch 12 - Loss moyenne: 0.00014
Epoch 13 - Loss moyenne: 0.00013
Epoch 14 - Loss moyenne: 0.00012
Epoch 15 - Loss moyenne: 0.00011
Epoch 16 - Loss moyenne: 0.00011
Epoch 17 - Loss moyenne: 0.00010
Epoch 18 - Loss moyenne: 0.00010
Epoch 19 - Loss moyenne: 0.00010
Epoch 20 - Loss moyenne: 0.00010
Epoch 21 - Loss moyenne: 0.00010
Epoch 22 - Loss moyenne: 0.00010
Epoch 23 - Loss moyenne: 0.00010
Epoch 24 - Loss moyenne: 0.00010
Entraînement terminé.
Accuracy : 0.805
Rapport de classification :
              precision    recall  f1-score   support

          ia       0.81      0.80      0.80       500
      nature       0.80      0.81      0.81       500

    accuracy                           0.81      1000
   macro avg       0.81      0.81      0.80      1000
weighted avg       0.81      0.81      0.80      1000

----------------------------------------------------------------------------------------------------
Entraînement avec 10 tokens additionnels
TRAINING...
Epoch 0 - Loss moyenne: 1.13457
Epoch 1 - Loss moyenne: 0.41696
Epoch 2 - Loss moyenne: 0.28744
Epoch 3 - Loss moyenne: 0.16474
Epoch 4 - Loss moyenne: 0.05795
Epoch 5 - Loss moyenne: 0.02617
Epoch 6 - Loss moyenne: 0.05571
Epoch 7 - Loss moyenne: 0.01824
Epoch 8 - Loss moyenne: 0.00464
Epoch 9 - Loss moyenne: 0.00243
Epoch 10 - Loss moyenne: 0.00047
Epoch 11 - Loss moyenne: 0.00019
Epoch 12 - Loss moyenne: 0.00003
Epoch 13 - Loss moyenne: 0.00002
Epoch 14 - Loss moyenne: 0.00002
Epoch 15 - Loss moyenne: 0.00002
Epoch 16 - Loss moyenne: 0.00002
Epoch 17 - Loss moyenne: 0.00002
Epoch 18 - Loss moyenne: 0.00002
Epoch 19 - Loss moyenne: 0.00002
Epoch 20 - Loss moyenne: 0.00002
Epoch 21 - Loss moyenne: 0.00002
Epoch 22 - Loss moyenne: 0.00002
Epoch 23 - Loss moyenne: 0.00002
Epoch 24 - Loss moyenne: 0.00002
Entraînement terminé.
Accuracy : 0.82
Rapport de classification :
              precision    recall  f1-score   support

          ia       0.81      0.83      0.82       500
      nature       0.83      0.81      0.82       500

    accuracy                           0.82      1000
   macro avg       0.82      0.82      0.82      1000
weighted avg       0.82      0.82      0.82      1000

----------------------------------------------------------------------------------------------------
Entraînement avec 30 tokens additionnels
TRAINING...
Epoch 0 - Loss moyenne: 1.22955
Epoch 1 - Loss moyenne: 0.46836
Epoch 2 - Loss moyenne: 0.32550
Epoch 3 - Loss moyenne: 0.18674
Epoch 4 - Loss moyenne: 0.09510
Epoch 5 - Loss moyenne: 0.05720
Epoch 6 - Loss moyenne: 0.02296
Epoch 7 - Loss moyenne: 0.02904
Epoch 8 - Loss moyenne: 0.03173
Epoch 9 - Loss moyenne: 0.00998
Epoch 10 - Loss moyenne: 0.00182
Epoch 11 - Loss moyenne: 0.00025
Epoch 12 - Loss moyenne: 0.00007
Epoch 13 - Loss moyenne: 0.00005
Epoch 14 - Loss moyenne: 0.00004
Epoch 15 - Loss moyenne: 0.00004
Epoch 16 - Loss moyenne: 0.00003
Epoch 17 - Loss moyenne: 0.00003
Epoch 18 - Loss moyenne: 0.00003
Epoch 19 - Loss moyenne: 0.00003
Epoch 20 - Loss moyenne: 0.00003
Epoch 21 - Loss moyenne: 0.00003
Epoch 22 - Loss moyenne: 0.00003
Epoch 23 - Loss moyenne: 0.00003
Epoch 24 - Loss moyenne: 0.00003
Entraînement terminé.
Accuracy : 0.812
Rapport de classification :
              precision    recall  f1-score   support

          ia       0.82      0.80      0.81       500
      nature       0.80      0.82      0.81       500

    accuracy                           0.81      1000
   macro avg       0.81      0.81      0.81      1000
weighted avg       0.81      0.81      0.81      1000

----------------------------------------------------------------------------------------------------
Entraînement avec 50 tokens additionnels
TRAINING...
Epoch 0 - Loss moyenne: 0.83903
Epoch 1 - Loss moyenne: 0.41404
Epoch 2 - Loss moyenne: 0.28852
Epoch 3 - Loss moyenne: 0.15924
Epoch 4 - Loss moyenne: 0.07526
Epoch 5 - Loss moyenne: 0.03531
Epoch 6 - Loss moyenne: 0.01823
Epoch 7 - Loss moyenne: 0.01899
Epoch 8 - Loss moyenne: 0.02358
Epoch 9 - Loss moyenne: 0.01886
Epoch 10 - Loss moyenne: 0.00921
Epoch 11 - Loss moyenne: 0.00116
Epoch 12 - Loss moyenne: 0.00134
Epoch 13 - Loss moyenne: 0.00148
Epoch 14 - Loss moyenne: 0.00027
Epoch 15 - Loss moyenne: 0.00007
Epoch 16 - Loss moyenne: 0.00005
Epoch 17 - Loss moyenne: 0.00004
Epoch 18 - Loss moyenne: 0.00004
Epoch 19 - Loss moyenne: 0.00003
Epoch 20 - Loss moyenne: 0.00003
Epoch 21 - Loss moyenne: 0.00003
Epoch 22 - Loss moyenne: 0.00003
Epoch 23 - Loss moyenne: 0.00003
Epoch 24 - Loss moyenne: 0.00003
Entraînement terminé.
Accuracy : 0.807
Rapport de classification :
              precision    recall  f1-score   support

          ia       0.81      0.81      0.81       500
      nature       0.81      0.80      0.81       500

    accuracy                           0.81      1000
   macro avg       0.81      0.81      0.81      1000
weighted avg       0.81      0.81      0.81      1000

----------------------------------------------------------------------------------------------------
Entraînement avec 75 tokens additionnels
TRAINING...
Epoch 0 - Loss moyenne: 1.13914
Epoch 1 - Loss moyenne: 0.45161
Epoch 2 - Loss moyenne: 0.30837
Epoch 3 - Loss moyenne: 0.17713
Epoch 4 - Loss moyenne: 0.07385
Epoch 5 - Loss moyenne: 0.04665
Epoch 6 - Loss moyenne: 0.03650
Epoch 7 - Loss moyenne: 0.01380
Epoch 8 - Loss moyenne: 0.02905
Epoch 9 - Loss moyenne: 0.03607
Epoch 10 - Loss moyenne: 0.00346
Epoch 11 - Loss moyenne: 0.00049
Epoch 12 - Loss moyenne: 0.00023
Epoch 13 - Loss moyenne: 0.00607
Epoch 14 - Loss moyenne: 0.00263
Epoch 15 - Loss moyenne: 0.00091
Epoch 16 - Loss moyenne: 0.00017
Epoch 17 - Loss moyenne: 0.00006
Epoch 18 - Loss moyenne: 0.00005
Epoch 19 - Loss moyenne: 0.00004
Epoch 20 - Loss moyenne: 0.00004
Epoch 21 - Loss moyenne: 0.00004
Epoch 22 - Loss moyenne: 0.00004
Epoch 23 - Loss moyenne: 0.00004
Epoch 24 - Loss moyenne: 0.00004
Entraînement terminé.
Accuracy : 0.808
Rapport de classification :
              precision    recall  f1-score   support

          ia       0.81      0.80      0.81       500
      nature       0.80      0.81      0.81       500

    accuracy                           0.81      1000
   macro avg       0.81      0.81      0.81      1000
weighted avg       0.81      0.81      0.81      1000

----------------------------------------------------------------------------------------------------
Entraînement avec 100 tokens additionnels
TRAINING...
Epoch 0 - Loss moyenne: 1.16822
Epoch 1 - Loss moyenne: 0.46744
Epoch 2 - Loss moyenne: 0.32672
Epoch 3 - Loss moyenne: 0.19071
Epoch 4 - Loss moyenne: 0.09196
Epoch 5 - Loss moyenne: 0.05756
Epoch 6 - Loss moyenne: 0.03850
Epoch 7 - Loss moyenne: 0.03012
Epoch 8 - Loss moyenne: 0.02217
Epoch 9 - Loss moyenne: 0.02478
Epoch 10 - Loss moyenne: 0.02562
Epoch 11 - Loss moyenne: 0.00266
Epoch 12 - Loss moyenne: 0.00038
Epoch 13 - Loss moyenne: 0.00011
Epoch 14 - Loss moyenne: 0.00007
Epoch 15 - Loss moyenne: 0.00006
Epoch 16 - Loss moyenne: 0.00005
Epoch 17 - Loss moyenne: 0.00005
Epoch 18 - Loss moyenne: 0.00004
Epoch 19 - Loss moyenne: 0.00004
Epoch 20 - Loss moyenne: 0.00004
Epoch 21 - Loss moyenne: 0.00004
Epoch 22 - Loss moyenne: 0.00004
Epoch 23 - Loss moyenne: 0.00004
Epoch 24 - Loss moyenne: 0.00004
Entraînement terminé.
Accuracy : 0.801
Rapport de classification :
              precision    recall  f1-score   support

          ia       0.80      0.81      0.80       500
      nature       0.81      0.79      0.80       500

    accuracy                           0.80      1000
   macro avg       0.80      0.80      0.80      1000
weighted avg       0.80      0.80      0.80      1000

----------------------------------------------------------------------------------------------------
Opération sur cuda
Dataset utilisé 'wukong' - Classes: ['ai', 'nature']
Entraînement avec 0 tokens additionnels
TRAINING...
Epoch 0 - Loss moyenne: 0.54780
Epoch 1 - Loss moyenne: 0.11236
Epoch 2 - Loss moyenne: 0.01758
Epoch 3 - Loss moyenne: 0.00410
Epoch 4 - Loss moyenne: 0.00101
Epoch 5 - Loss moyenne: 0.00045
Epoch 6 - Loss moyenne: 0.00032
Epoch 7 - Loss moyenne: 0.00026
Epoch 8 - Loss moyenne: 0.00022
Epoch 9 - Loss moyenne: 0.00019
Epoch 10 - Loss moyenne: 0.00017
Epoch 11 - Loss moyenne: 0.00016
Epoch 12 - Loss moyenne: 0.00014
Epoch 13 - Loss moyenne: 0.00013
Epoch 14 - Loss moyenne: 0.00013
Epoch 15 - Loss moyenne: 0.00012
Epoch 16 - Loss moyenne: 0.00011
Epoch 17 - Loss moyenne: 0.00011
Epoch 18 - Loss moyenne: 0.00011
Epoch 19 - Loss moyenne: 0.00010
Epoch 20 - Loss moyenne: 0.00010
Epoch 21 - Loss moyenne: 0.00010
Epoch 22 - Loss moyenne: 0.00010
Epoch 23 - Loss moyenne: 0.00010
Epoch 24 - Loss moyenne: 0.00010
Entraînement terminé.
Accuracy : 0.833
Rapport de classification :
              precision    recall  f1-score   support

          ia       0.82      0.85      0.84       500
      nature       0.85      0.81      0.83       500

    accuracy                           0.83      1000
   macro avg       0.83      0.83      0.83      1000
weighted avg       0.83      0.83      0.83      1000

----------------------------------------------------------------------------------------------------
Entraînement avec 10 tokens additionnels
TRAINING...
Epoch 0 - Loss moyenne: 1.15351
Epoch 1 - Loss moyenne: 0.41187
Epoch 2 - Loss moyenne: 0.27196
Epoch 3 - Loss moyenne: 0.13302
Epoch 4 - Loss moyenne: 0.04603
Epoch 5 - Loss moyenne: 0.03731
Epoch 6 - Loss moyenne: 0.01024
Epoch 7 - Loss moyenne: 0.01652
Epoch 8 - Loss moyenne: 0.01123
Epoch 9 - Loss moyenne: 0.00921
Epoch 10 - Loss moyenne: 0.00552
Epoch 11 - Loss moyenne: 0.00409
Epoch 12 - Loss moyenne: 0.00269
Epoch 13 - Loss moyenne: 0.00091
Epoch 14 - Loss moyenne: 0.00026
Epoch 15 - Loss moyenne: 0.00010
Epoch 16 - Loss moyenne: 0.00004
Epoch 17 - Loss moyenne: 0.00004
Epoch 18 - Loss moyenne: 0.00003
Epoch 19 - Loss moyenne: 0.00003
Epoch 20 - Loss moyenne: 0.00003
Epoch 21 - Loss moyenne: 0.00003
Epoch 22 - Loss moyenne: 0.00003
Epoch 23 - Loss moyenne: 0.00003
Epoch 24 - Loss moyenne: 0.00003
Entraînement terminé.
Accuracy : 0.835
Rapport de classification :
              precision    recall  f1-score   support

          ia       0.84      0.83      0.83       500
      nature       0.83      0.84      0.84       500

    accuracy                           0.83      1000
   macro avg       0.84      0.83      0.83      1000
weighted avg       0.84      0.83      0.83      1000

----------------------------------------------------------------------------------------------------
Entraînement avec 30 tokens additionnels
TRAINING...
Epoch 0 - Loss moyenne: 1.13280
Epoch 1 - Loss moyenne: 0.42727
Epoch 2 - Loss moyenne: 0.31387
Epoch 3 - Loss moyenne: 0.18133
Epoch 4 - Loss moyenne: 0.07144
Epoch 5 - Loss moyenne: 0.04812
Epoch 6 - Loss moyenne: 0.05124
Epoch 7 - Loss moyenne: 0.02156
Epoch 8 - Loss moyenne: 0.01136
Epoch 9 - Loss moyenne: 0.00633
Epoch 10 - Loss moyenne: 0.00397
Epoch 11 - Loss moyenne: 0.00082
Epoch 12 - Loss moyenne: 0.00025
Epoch 13 - Loss moyenne: 0.00006
Epoch 14 - Loss moyenne: 0.00004
Epoch 15 - Loss moyenne: 0.00003
Epoch 16 - Loss moyenne: 0.00003
Epoch 17 - Loss moyenne: 0.00002
Epoch 18 - Loss moyenne: 0.00002
Epoch 19 - Loss moyenne: 0.00002
Epoch 20 - Loss moyenne: 0.00002
Epoch 21 - Loss moyenne: 0.00002
Epoch 22 - Loss moyenne: 0.00002
Epoch 23 - Loss moyenne: 0.00002
Epoch 24 - Loss moyenne: 0.00002
Entraînement terminé.
Accuracy : 0.833
Rapport de classification :
              precision    recall  f1-score   support

          ia       0.83      0.84      0.83       500
      nature       0.84      0.82      0.83       500

    accuracy                           0.83      1000
   macro avg       0.83      0.83      0.83      1000
weighted avg       0.83      0.83      0.83      1000

----------------------------------------------------------------------------------------------------
Entraînement avec 50 tokens additionnels
TRAINING...
Epoch 0 - Loss moyenne: 1.27342
Epoch 1 - Loss moyenne: 0.47130
Epoch 2 - Loss moyenne: 0.32619
Epoch 3 - Loss moyenne: 0.19330
Epoch 4 - Loss moyenne: 0.09066
Epoch 5 - Loss moyenne: 0.06530
Epoch 6 - Loss moyenne: 0.02524
Epoch 7 - Loss moyenne: 0.02106
Epoch 8 - Loss moyenne: 0.04314
Epoch 9 - Loss moyenne: 0.02014
Epoch 10 - Loss moyenne: 0.00914
Epoch 11 - Loss moyenne: 0.00252
Epoch 12 - Loss moyenne: 0.00050
Epoch 13 - Loss moyenne: 0.00013
Epoch 14 - Loss moyenne: 0.00009
Epoch 15 - Loss moyenne: 0.00007
Epoch 16 - Loss moyenne: 0.00006
Epoch 17 - Loss moyenne: 0.00005
Epoch 18 - Loss moyenne: 0.00005
Epoch 19 - Loss moyenne: 0.00005
Epoch 20 - Loss moyenne: 0.00004
Epoch 21 - Loss moyenne: 0.00004
Epoch 22 - Loss moyenne: 0.00004
Epoch 23 - Loss moyenne: 0.00004
Epoch 24 - Loss moyenne: 0.00004
Entraînement terminé.
Accuracy : 0.82
Rapport de classification :
              precision    recall  f1-score   support

          ia       0.82      0.82      0.82       500
      nature       0.82      0.82      0.82       500

    accuracy                           0.82      1000
   macro avg       0.82      0.82      0.82      1000
weighted avg       0.82      0.82      0.82      1000

----------------------------------------------------------------------------------------------------
Entraînement avec 75 tokens additionnels
TRAINING...
Epoch 0 - Loss moyenne: 1.30583
Epoch 1 - Loss moyenne: 0.54543
Epoch 2 - Loss moyenne: 0.36902
Epoch 3 - Loss moyenne: 0.23429
Epoch 4 - Loss moyenne: 0.11536
Epoch 5 - Loss moyenne: 0.07175
Epoch 6 - Loss moyenne: 0.06000
Epoch 7 - Loss moyenne: 0.03591
Epoch 8 - Loss moyenne: 0.01848
Epoch 9 - Loss moyenne: 0.00956
Epoch 10 - Loss moyenne: 0.01553
Epoch 11 - Loss moyenne: 0.00962
Epoch 12 - Loss moyenne: 0.00240
Epoch 13 - Loss moyenne: 0.00036
Epoch 14 - Loss moyenne: 0.00010
Epoch 15 - Loss moyenne: 0.00007
Epoch 16 - Loss moyenne: 0.00006
Epoch 17 - Loss moyenne: 0.00005
Epoch 18 - Loss moyenne: 0.00005
Epoch 19 - Loss moyenne: 0.00004
Epoch 20 - Loss moyenne: 0.00004
Epoch 21 - Loss moyenne: 0.00004
Epoch 22 - Loss moyenne: 0.00004
Epoch 23 - Loss moyenne: 0.00004
Epoch 24 - Loss moyenne: 0.00004
Entraînement terminé.
Accuracy : 0.828
Rapport de classification :
              precision    recall  f1-score   support

          ia       0.82      0.84      0.83       500
      nature       0.84      0.82      0.83       500

    accuracy                           0.83      1000
   macro avg       0.83      0.83      0.83      1000
weighted avg       0.83      0.83      0.83      1000

----------------------------------------------------------------------------------------------------
Entraînement avec 100 tokens additionnels
TRAINING...
Epoch 0 - Loss moyenne: 1.34912
Epoch 1 - Loss moyenne: 0.63452
Epoch 2 - Loss moyenne: 0.43405
Epoch 3 - Loss moyenne: 0.28422
Epoch 4 - Loss moyenne: 0.15077
Epoch 5 - Loss moyenne: 0.06159
Epoch 6 - Loss moyenne: 0.03432
Epoch 7 - Loss moyenne: 0.05781
Epoch 8 - Loss moyenne: 0.01946
Epoch 9 - Loss moyenne: 0.00656
Epoch 10 - Loss moyenne: 0.01078
Epoch 11 - Loss moyenne: 0.00579
Epoch 12 - Loss moyenne: 0.00397
Epoch 13 - Loss moyenne: 0.00121
Epoch 14 - Loss moyenne: 0.00017
Epoch 15 - Loss moyenne: 0.00005
Epoch 16 - Loss moyenne: 0.00003
Epoch 17 - Loss moyenne: 0.00003
Epoch 18 - Loss moyenne: 0.00003
Epoch 19 - Loss moyenne: 0.00003
Epoch 20 - Loss moyenne: 0.00002
Epoch 21 - Loss moyenne: 0.00002
Epoch 22 - Loss moyenne: 0.00002
Epoch 23 - Loss moyenne: 0.00002
XIO:  fatal IO error 22 (Invalid argument) on X server "192.168.100.12:10.0"
      after 2081 requests (2081 known processed) with 6 events remaining.
srun: error: gpu002: task 0: Exited with exit code 1
