Operation on cuda
Using midjourney DATASET, Classes in dataset: ['ai', 'nature']
Additional tokens : 2
Training...
Loss epoch 0 -> 1.65
Loss epoch 1 -> 0.71
Loss epoch 2 -> 0.42
Loss epoch 3 -> 0.28
Loss epoch 4 -> 0.22
Loss epoch 5 -> 0.18
Loss epoch 6 -> 0.17
Loss epoch 7 -> 0.18
Loss epoch 8 -> 0.15
Loss epoch 9 -> 0.18
Loss epoch 10 -> 0.15
Loss epoch 11 -> 0.11
Loss epoch 12 -> 0.15
Loss epoch 13 -> 0.15
Loss epoch 14 -> 0.19
Loss epoch 15 -> 0.16
Loss epoch 16 -> 0.12
Loss epoch 17 -> 0.08
Loss epoch 18 -> 0.08
Loss epoch 19 -> 0.05
end...
Accuracy : 0.847
Classification report:
              precision    recall  f1-score   support

          ia       0.88      0.80      0.84       500
      nature       0.82      0.89      0.85       500

    accuracy                           0.85      1000
   macro avg       0.85      0.85      0.85      1000
weighted avg       0.85      0.85      0.85      1000

-----------------------------------------------------------------------------------------------------------
Additional tokens : 3
Training...
Loss epoch 0 -> 1.45
Loss epoch 1 -> 0.38
Loss epoch 2 -> 0.33
Loss epoch 3 -> 0.27
Loss epoch 4 -> 0.22
Loss epoch 5 -> 0.16
Loss epoch 6 -> 0.14
Loss epoch 7 -> 0.14
Loss epoch 8 -> 0.18
Loss epoch 9 -> 0.21
Loss epoch 10 -> 0.27
Loss epoch 11 -> 0.25
Loss epoch 12 -> 0.25
Loss epoch 13 -> 0.17
Loss epoch 14 -> 0.16
Loss epoch 15 -> 0.17
Loss epoch 16 -> 0.18
Loss epoch 17 -> 0.14
Loss epoch 18 -> 0.13
Loss epoch 19 -> 0.11
end...
Accuracy : 0.846
Classification report:
              precision    recall  f1-score   support

          ia       0.82      0.89      0.85       500
      nature       0.88      0.81      0.84       500

    accuracy                           0.85      1000
   macro avg       0.85      0.85      0.85      1000
weighted avg       0.85      0.85      0.85      1000

-----------------------------------------------------------------------------------------------------------
Additional tokens : 4
Training...
Loss epoch 0 -> 1.99
Loss epoch 1 -> 0.79
Loss epoch 2 -> 0.71
Loss epoch 3 -> 0.70
Loss epoch 4 -> 0.69
Loss epoch 5 -> 0.69
Loss epoch 6 -> 0.69
Loss epoch 7 -> 0.69
Loss epoch 8 -> 0.70
Loss epoch 9 -> 0.69
Loss epoch 10 -> 0.55
Loss epoch 11 -> 0.38
Loss epoch 12 -> 0.35
Loss epoch 13 -> 0.32
Loss epoch 14 -> 0.26
Loss epoch 15 -> 0.27
Loss epoch 16 -> 0.26
Loss epoch 17 -> 0.27
Loss epoch 18 -> 0.25
Loss epoch 19 -> 0.22
end...
Accuracy : 0.85
Classification report:
              precision    recall  f1-score   support

          ia       0.82      0.89      0.86       500
      nature       0.88      0.81      0.84       500

    accuracy                           0.85      1000
   macro avg       0.85      0.85      0.85      1000
weighted avg       0.85      0.85      0.85      1000

-----------------------------------------------------------------------------------------------------------
Additional tokens : 5
Training...
Loss epoch 0 -> 1.66
Loss epoch 1 -> 0.80
Loss epoch 2 -> 0.70
Loss epoch 3 -> 0.44
Loss epoch 4 -> 0.31
Loss epoch 5 -> 0.24
Loss epoch 6 -> 0.19
Loss epoch 7 -> 0.20
Loss epoch 8 -> 0.19
Loss epoch 9 -> 0.16
Loss epoch 10 -> 0.17
Loss epoch 11 -> 0.20
Loss epoch 12 -> 0.17
Loss epoch 13 -> 0.13
Loss epoch 14 -> 0.16
Loss epoch 15 -> 0.31
Loss epoch 16 -> 0.23
Loss epoch 17 -> 0.17
Loss epoch 18 -> 0.14
Loss epoch 19 -> 0.12
end...
Accuracy : 0.858
Classification report:
              precision    recall  f1-score   support

          ia       0.82      0.92      0.87       500
      nature       0.90      0.80      0.85       500

    accuracy                           0.86      1000
   macro avg       0.86      0.86      0.86      1000
weighted avg       0.86      0.86      0.86      1000

-----------------------------------------------------------------------------------------------------------
Additional tokens : 6
Training...
Loss epoch 0 -> 1.63
Loss epoch 1 -> 0.74
Loss epoch 2 -> 0.70
Loss epoch 3 -> 0.69
Loss epoch 4 -> 0.70
Loss epoch 5 -> 0.69
Loss epoch 6 -> 0.70
Loss epoch 7 -> 0.70
Loss epoch 8 -> 0.70
Loss epoch 9 -> 0.70
Loss epoch 10 -> 0.70
Loss epoch 11 -> 0.69
Loss epoch 12 -> 0.69
Loss epoch 13 -> 0.70
Loss epoch 14 -> 0.70
Loss epoch 15 -> 0.70
Loss epoch 16 -> 0.70
Loss epoch 17 -> 0.70
Loss epoch 18 -> 0.65
Loss epoch 19 -> 0.43
end...
Accuracy : 0.799
Classification report:
              precision    recall  f1-score   support

          ia       0.84      0.74      0.79       500
      nature       0.77      0.86      0.81       500

    accuracy                           0.80      1000
   macro avg       0.80      0.80      0.80      1000
weighted avg       0.80      0.80      0.80      1000

-----------------------------------------------------------------------------------------------------------
Additional tokens : 7
Training...
Loss epoch 0 -> 2.05
Loss epoch 1 -> 0.70
Loss epoch 2 -> 0.70
Loss epoch 3 -> 0.69
Loss epoch 4 -> 0.69
Loss epoch 5 -> 0.69
Loss epoch 6 -> 0.70
Loss epoch 7 -> 0.69
Loss epoch 8 -> 0.69
Loss epoch 9 -> 0.70
Loss epoch 10 -> 0.69
Loss epoch 11 -> 0.69
Loss epoch 12 -> 0.70
Loss epoch 13 -> 0.68
Loss epoch 14 -> 0.49
Loss epoch 15 -> 0.39
Loss epoch 16 -> 0.30
Loss epoch 17 -> 0.22
Loss epoch 18 -> 0.19
Loss epoch 19 -> 0.16
end...
Accuracy : 0.833
Classification report:
              precision    recall  f1-score   support

          ia       0.90      0.75      0.82       500
      nature       0.79      0.91      0.85       500

    accuracy                           0.83      1000
   macro avg       0.84      0.83      0.83      1000
weighted avg       0.84      0.83      0.83      1000

-----------------------------------------------------------------------------------------------------------
Additional tokens : 8
Training...
Loss epoch 0 -> 2.77
Loss epoch 1 -> 0.71
Loss epoch 2 -> 0.70
Loss epoch 3 -> 0.69
Loss epoch 4 -> 0.71
Loss epoch 5 -> 0.69
Loss epoch 6 -> 0.69
Loss epoch 7 -> 0.61
Loss epoch 8 -> 0.48
Loss epoch 9 -> 0.41
Loss epoch 10 -> 0.36
Loss epoch 11 -> 0.32
Loss epoch 12 -> 0.36
Loss epoch 13 -> 0.40
Loss epoch 14 -> 0.36
Loss epoch 15 -> 0.31
Loss epoch 16 -> 0.34
Loss epoch 17 -> 0.33
Loss epoch 18 -> 0.32
Loss epoch 19 -> 0.32
end...
Accuracy : 0.766
Classification report:
              precision    recall  f1-score   support

          ia       0.90      0.60      0.72       500
      nature       0.70      0.94      0.80       500

    accuracy                           0.77      1000
   macro avg       0.80      0.77      0.76      1000
weighted avg       0.80      0.77      0.76      1000

-----------------------------------------------------------------------------------------------------------
Additional tokens : 9
Training...
Loss epoch 0 -> 1.78
Loss epoch 1 -> 0.69
Loss epoch 2 -> 0.46
Loss epoch 3 -> 0.32
Loss epoch 4 -> 0.27
Loss epoch 5 -> 0.22
Loss epoch 6 -> 0.22
Loss epoch 7 -> 0.17
Loss epoch 8 -> 0.16
Loss epoch 9 -> 0.16
Loss epoch 10 -> 0.13
Loss epoch 11 -> 0.13
Loss epoch 12 -> 0.15
Loss epoch 13 -> 0.16
Loss epoch 14 -> 0.15
Loss epoch 15 -> 0.13
Loss epoch 16 -> 0.12
Loss epoch 17 -> 0.12
Loss epoch 18 -> 0.10
Loss epoch 19 -> 0.10
end...
Accuracy : 0.873
Classification report:
              precision    recall  f1-score   support

          ia       0.86      0.90      0.88       500
      nature       0.89      0.85      0.87       500

    accuracy                           0.87      1000
   macro avg       0.87      0.87      0.87      1000
weighted avg       0.87      0.87      0.87      1000

-----------------------------------------------------------------------------------------------------------
Additional tokens : 10
Training...
Loss epoch 0 -> 1.62
Loss epoch 1 -> 0.71
Loss epoch 2 -> 0.69
Loss epoch 3 -> 0.69
Loss epoch 4 -> 0.70
Loss epoch 5 -> 0.70
Loss epoch 6 -> 0.70
Loss epoch 7 -> 0.70
Loss epoch 8 -> 0.69
Loss epoch 9 -> 0.59
Loss epoch 10 -> 0.46
Loss epoch 11 -> 0.43
Loss epoch 12 -> 0.44
Loss epoch 13 -> 0.32
Loss epoch 14 -> 0.30
Loss epoch 15 -> 0.29
Loss epoch 16 -> 0.29
Loss epoch 17 -> 0.37
Loss epoch 18 -> 0.27
Loss epoch 19 -> 0.28
end...
Accuracy : 0.847
Classification report:
              precision    recall  f1-score   support

          ia       0.83      0.87      0.85       500
      nature       0.86      0.83      0.84       500

    accuracy                           0.85      1000
   macro avg       0.85      0.85      0.85      1000
weighted avg       0.85      0.85      0.85      1000

-----------------------------------------------------------------------------------------------------------
