Operation on cuda
Using midjourney DATASET, Classes in dataset: ['ai', 'nature']
Additional tokens : 2
Training...
Loss epoch 0 -> 0.99
Loss epoch 1 -> 0.24
Loss epoch 2 -> 0.09
Loss epoch 3 -> 0.06
Loss epoch 4 -> 0.04
Loss epoch 5 -> 0.03
Loss epoch 6 -> 0.03
Loss epoch 7 -> 0.04
Loss epoch 8 -> 0.03
Loss epoch 9 -> 0.03
Loss epoch 10 -> 0.03
Loss epoch 11 -> 0.03
Loss epoch 12 -> 0.03
Loss epoch 13 -> 0.02
Loss epoch 14 -> 0.01
Loss epoch 15 -> 0.02
Loss epoch 16 -> 0.02
Loss epoch 17 -> 0.01
Loss epoch 18 -> 0.03
Loss epoch 19 -> 0.01
end...
Accuracy : 0.898
Classification report:
              precision    recall  f1-score   support

          ia       0.89      0.90      0.90       500
      nature       0.90      0.89      0.90       500

    accuracy                           0.90      1000
   macro avg       0.90      0.90      0.90      1000
weighted avg       0.90      0.90      0.90      1000

-----------------------------------------------------------------------------------------------------------
Additional tokens : 3
Training...
Loss epoch 0 -> 1.02
Loss epoch 1 -> 0.27
Loss epoch 2 -> 0.08
Loss epoch 3 -> 0.06
Loss epoch 4 -> 0.03
Loss epoch 5 -> 0.04
Loss epoch 6 -> 0.03
Loss epoch 7 -> 0.04
Loss epoch 8 -> 0.02
Loss epoch 9 -> 0.02
Loss epoch 10 -> 0.02
Loss epoch 11 -> 0.02
Loss epoch 12 -> 0.01
Loss epoch 13 -> 0.03
Loss epoch 14 -> 0.03
Loss epoch 15 -> 0.01
Loss epoch 16 -> 0.00
Loss epoch 17 -> 0.01
Loss epoch 18 -> 0.01
Loss epoch 19 -> 0.02
end...
Accuracy : 0.906
Classification report:
              precision    recall  f1-score   support

          ia       0.91      0.90      0.91       500
      nature       0.90      0.91      0.91       500

    accuracy                           0.91      1000
   macro avg       0.91      0.91      0.91      1000
weighted avg       0.91      0.91      0.91      1000

-----------------------------------------------------------------------------------------------------------
Additional tokens : 4
Training...
Loss epoch 0 -> 0.97
Loss epoch 1 -> 0.22
Loss epoch 2 -> 0.08
Loss epoch 3 -> 0.05
Loss epoch 4 -> 0.05
Loss epoch 5 -> 0.03
Loss epoch 6 -> 0.04
Loss epoch 7 -> 0.04
Loss epoch 8 -> 0.03
Loss epoch 9 -> 0.05
Loss epoch 10 -> 0.04
Loss epoch 11 -> 0.03
Loss epoch 12 -> 0.03
Loss epoch 13 -> 0.03
Loss epoch 14 -> 0.01
Loss epoch 15 -> 0.01
Loss epoch 16 -> 0.01
Loss epoch 17 -> 0.02
Loss epoch 18 -> 0.03
Loss epoch 19 -> 0.02
end...
Accuracy : 0.88
Classification report:
              precision    recall  f1-score   support

          ia       0.95      0.81      0.87       500
      nature       0.83      0.95      0.89       500

    accuracy                           0.88      1000
   macro avg       0.89      0.88      0.88      1000
weighted avg       0.89      0.88      0.88      1000

-----------------------------------------------------------------------------------------------------------
Additional tokens : 5
Training...
Loss epoch 0 -> 0.94
Loss epoch 1 -> 0.24
Loss epoch 2 -> 0.10
Loss epoch 3 -> 0.05
Loss epoch 4 -> 0.05
Loss epoch 5 -> 0.06
Loss epoch 6 -> 0.03
Loss epoch 7 -> 0.03
Loss epoch 8 -> 0.02
Loss epoch 9 -> 0.03
Loss epoch 10 -> 0.05
Loss epoch 11 -> 0.04
Loss epoch 12 -> 0.02
Loss epoch 13 -> 0.04
Loss epoch 14 -> 0.02
Loss epoch 15 -> 0.02
Loss epoch 16 -> 0.02
Loss epoch 17 -> 0.01
Loss epoch 18 -> 0.01
Loss epoch 19 -> 0.00
end...
Accuracy : 0.893
Classification report:
              precision    recall  f1-score   support

          ia       0.90      0.88      0.89       500
      nature       0.88      0.90      0.89       500

    accuracy                           0.89      1000
   macro avg       0.89      0.89      0.89      1000
weighted avg       0.89      0.89      0.89      1000

-----------------------------------------------------------------------------------------------------------
Additional tokens : 6
Training...
Loss epoch 0 -> 1.01
Loss epoch 1 -> 0.26
Loss epoch 2 -> 0.10
Loss epoch 3 -> 0.05
Loss epoch 4 -> 0.04
Loss epoch 5 -> 0.05
Loss epoch 6 -> 0.04
Loss epoch 7 -> 0.04
Loss epoch 8 -> 0.03
Loss epoch 9 -> 0.03
Loss epoch 10 -> 0.04
Loss epoch 11 -> 0.02
Loss epoch 12 -> 0.02
Loss epoch 13 -> 0.02
Loss epoch 14 -> 0.02
Loss epoch 15 -> 0.01
Loss epoch 16 -> 0.01
Loss epoch 17 -> 0.05
Loss epoch 18 -> 0.04
Loss epoch 19 -> 0.03
end...
Accuracy : 0.891
Classification report:
              precision    recall  f1-score   support

          ia       0.86      0.94      0.90       500
      nature       0.93      0.85      0.89       500

    accuracy                           0.89      1000
   macro avg       0.89      0.89      0.89      1000
weighted avg       0.89      0.89      0.89      1000

-----------------------------------------------------------------------------------------------------------
Additional tokens : 7
Training...
Loss epoch 0 -> 1.13
Loss epoch 1 -> 0.32
Loss epoch 2 -> 0.15
Loss epoch 3 -> 0.07
Loss epoch 4 -> 0.07
Loss epoch 5 -> 0.04
Loss epoch 6 -> 0.03
Loss epoch 7 -> 0.04
Loss epoch 8 -> 0.05
Loss epoch 9 -> 0.03
Loss epoch 10 -> 0.05
Loss epoch 11 -> 0.02
Loss epoch 12 -> 0.01
Loss epoch 13 -> 0.01
Loss epoch 14 -> 0.01
Loss epoch 15 -> 0.01
Loss epoch 16 -> 0.01
Loss epoch 17 -> 0.03
Loss epoch 18 -> 0.02
Loss epoch 19 -> 0.02
end...
Accuracy : 0.894
Classification report:
              precision    recall  f1-score   support

          ia       0.91      0.88      0.89       500
      nature       0.88      0.91      0.90       500

    accuracy                           0.89      1000
   macro avg       0.89      0.89      0.89      1000
weighted avg       0.89      0.89      0.89      1000

-----------------------------------------------------------------------------------------------------------
Additional tokens : 8
Training...
Loss epoch 0 -> 1.24
Loss epoch 1 -> 0.29
Loss epoch 2 -> 0.11
Loss epoch 3 -> 0.07
Loss epoch 4 -> 0.05
Loss epoch 5 -> 0.04
Loss epoch 6 -> 0.03
Loss epoch 7 -> 0.02
Loss epoch 8 -> 0.03
Loss epoch 9 -> 0.02
Loss epoch 10 -> 0.01
Loss epoch 11 -> 0.02
Loss epoch 12 -> 0.02
Loss epoch 13 -> 0.02
Loss epoch 14 -> 0.01
Loss epoch 15 -> 0.01
Loss epoch 16 -> 0.03
Loss epoch 17 -> 0.02
Loss epoch 18 -> 0.02
Loss epoch 19 -> 0.02
end...
Accuracy : 0.895
Classification report:
              precision    recall  f1-score   support

          ia       0.93      0.86      0.89       500
      nature       0.87      0.93      0.90       500

    accuracy                           0.90      1000
   macro avg       0.90      0.90      0.89      1000
weighted avg       0.90      0.90      0.89      1000

-----------------------------------------------------------------------------------------------------------
Additional tokens : 9
Training...
Loss epoch 0 -> 1.25
Loss epoch 1 -> 0.31
Loss epoch 2 -> 0.13
Loss epoch 3 -> 0.07
Loss epoch 4 -> 0.05
Loss epoch 5 -> 0.04
Loss epoch 6 -> 0.04
Loss epoch 7 -> 0.05
Loss epoch 8 -> 0.04
Loss epoch 9 -> 0.05
Loss epoch 10 -> 0.02
Loss epoch 11 -> 0.02
Loss epoch 12 -> 0.02
Loss epoch 13 -> 0.02
Loss epoch 14 -> 0.02
Loss epoch 15 -> 0.01
Loss epoch 16 -> 0.01
Loss epoch 17 -> 0.01
Loss epoch 18 -> 0.01
Loss epoch 19 -> 0.01
end...
Accuracy : 0.89
Classification report:
              precision    recall  f1-score   support

          ia       0.91      0.87      0.89       500
      nature       0.87      0.91      0.89       500

    accuracy                           0.89      1000
   macro avg       0.89      0.89      0.89      1000
weighted avg       0.89      0.89      0.89      1000

-----------------------------------------------------------------------------------------------------------
Additional tokens : 10
Training...
Loss epoch 0 -> 1.32
Loss epoch 1 -> 0.66
Loss epoch 2 -> 0.48
Loss epoch 3 -> 0.40
Loss epoch 4 -> 0.31
Loss epoch 5 -> 0.21
Loss epoch 6 -> 0.15
Loss epoch 7 -> 0.13
Loss epoch 8 -> 0.09
Loss epoch 9 -> 0.08
Loss epoch 10 -> 0.09
Loss epoch 11 -> 0.05
Loss epoch 12 -> 0.04
Loss epoch 13 -> 0.03
Loss epoch 14 -> 0.03
Loss epoch 15 -> 0.01
Loss epoch 16 -> 0.02
Loss epoch 17 -> 0.03
Loss epoch 18 -> 0.02
Loss epoch 19 -> 0.04
end...
Accuracy : 0.897
Classification report:
              precision    recall  f1-score   support

          ia       0.90      0.90      0.90       500
      nature       0.90      0.90      0.90       500

    accuracy                           0.90      1000
   macro avg       0.90      0.90      0.90      1000
weighted avg       0.90      0.90      0.90      1000

-----------------------------------------------------------------------------------------------------------
