wandb: Using wandb-core as the SDK backend.  Please refer to https://wandb.me/wandb-core for more information.
wandb: Currently logged in as: manurslf (manurslf301) to https://api.wandb.ai. Use `wandb login --relogin` to force relogin
wandb: Tracking run with wandb version 0.19.8
wandb: Run data is saved locally in /home/users/r/rasolof2/BCs_emmanuelrasolofo/BCs_EmmanuelRasolofo/wandb/run-20250324_120616-0gbvzzuw
wandb: Run `wandb offline` to turn off syncing.
wandb: Syncing run ACC_TOK midjourney dataset 20250324-120615
wandb: ⭐️ View project at https://wandb.ai/manurslf301/Encoder-DecoderProject
wandb: 🚀 View run at https://wandb.ai/manurslf301/Encoder-DecoderProject/runs/0gbvzzuw
Training date: 20250324-120615
Images are resized 224x224
Additional token added : [0, 10, 30, 50]
Hidden layer LLMA : 3 with size 384
Batch size : 128, LR : 0.0004, epochs : 25
Operation on cuda
Using midjourney DATASET, Classes in dataset: ['ai', 'nature']
Additional tokens : 0
Training...
Traceback (most recent call last):
  File "/home/users/r/rasolof2/BCs_emmanuelrasolofo/BCs_EmmanuelRasolofo/utils.py", line 277, in <module>
    plot_accuracy(configurations.MODEL,
  File "/home/users/r/rasolof2/BCs_emmanuelrasolofo/BCs_EmmanuelRasolofo/utils.py", line 206, in plot_accuracy
    model = training(model_d,
            ^^^^^^^^^^^^^^^^^
  File "/home/users/r/rasolof2/BCs_emmanuelrasolofo/BCs_EmmanuelRasolofo/utils.py", line 115, in training
    output = model(x)
             ^^^^^^^^
  File "/home/users/r/rasolof2/miniconda3/envs/project/lib/python3.12/site-packages/torch/nn/modules/module.py", line 1736, in _wrapped_call_impl
    return self._call_impl(*args, **kwargs)
           ^^^^^^^^^^^^^^^^^^^^^^^^^^^^^^^^
  File "/home/users/r/rasolof2/miniconda3/envs/project/lib/python3.12/site-packages/torch/nn/modules/module.py", line 1747, in _call_impl
    return forward_call(*args, **kwargs)
           ^^^^^^^^^^^^^^^^^^^^^^^^^^^^^
  File "/home/users/r/rasolof2/BCs_emmanuelrasolofo/BCs_EmmanuelRasolofo/custom_model.py", line 42, in forward
    x = torch.cat((x, self.ADD_TOK.unsqueeze(0).repeat(x.size(0), 1, 1)), dim = 1)
        ^^^^^^^^^^^^^^^^^^^^^^^^^^^^^^^^^^^^^^^^^^^^^^^^^^^^^^^^^^^^^^^^^^^^^^^^^^
RuntimeError: Sizes of tensors must match except in dimension 1. Expected size 768 but got size 384 for tensor number 1 in the list.
[1;34mwandb[0m: 
[1;34mwandb[0m: 🚀 View run [33mACC_TOK midjourney dataset 20250324-120615[0m at: [34mhttps://wandb.ai/manurslf301/Encoder-DecoderProject/runs/0gbvzzuw[0m
[1;34mwandb[0m: Find logs at: [1;35mwandb/run-20250324_120616-0gbvzzuw/logs[0m
srun: error: gpu002: task 0: Exited with exit code 1
